app/build/outputs/logs/manifest-merger-debug-report.txt
-- Merging decision tree log ---
manifest
ADDED from src/main/AndroidManifest.xml:2:1-83:12
	package
		ADDED from src/main/AndroidManifest.xml:3:5-33
		INJECTED from src/main/AndroidManifest.xml
		INJECTED from src/main/AndroidManifest.xml
	android:versionName
		ADDED from src/main/AndroidManifest.xml:5:5-32
		INJECTED from src/main/AndroidManifest.xml
		INJECTED from src/main/AndroidManifest.xml
	android:versionCode
		ADDED from src/main/AndroidManifest.xml:4:5-29
		INJECTED from src/main/AndroidManifest.xml
		INJECTED from src/main/AndroidManifest.xml
	xmlns:android
		ADDED from src/main/AndroidManifest.xml:2:11-69
uses-permission#android.permission.ACCESS_WIFI_STATE
ADDED from src/main/AndroidManifest.xml:7:5-8:23
	android:name
		ADDED from src/main/AndroidManifest.xml:7:22-73
uses-permission#android.permission.CHANGE_WIFI_STATE
ADDED from src/main/AndroidManifest.xml:9:5-10:23
	android:name
		ADDED from src/main/AndroidManifest.xml:9:22-73
uses-permission#android.permission.INTERNET
ADDED from src/main/AndroidManifest.xml:11:5-12:23
	android:name
		ADDED from src/main/AndroidManifest.xml:11:22-64
uses-permission#android.permission.WRITE_EXTERNAL_STORAGE
ADDED from src/main/AndroidManifest.xml:13:5-14:23
	android:name
		ADDED from src/main/AndroidManifest.xml:13:22-78
uses-permission#android.permission.ACCESS_NETWORK_STATE
ADDED from src/main/AndroidManifest.xml:15:5-16:23
	android:name
		ADDED from src/main/AndroidManifest.xml:15:22-76
uses-permission#android.permission.CHANGE_NETWORK_STATE
ADDED from src/main/AndroidManifest.xml:17:1-74
	android:name
		ADDED from src/main/AndroidManifest.xml:17:18-72
uses-sdk
ADDED from src/main/AndroidManifest.xml:19:5-21:41
MERGED from [com.actionbarsherlock:actionbarsherlock:4.4.0] AndroidManifest.xml:3:3-70
	android:targetSdkVersion
		ADDED from src/main/AndroidManifest.xml:21:9-38
		INJECTED from src/main/AndroidManifest.xml
		INJECTED from src/main/AndroidManifest.xml
	android:minSdkVersion
		ADDED from src/main/AndroidManifest.xml:20:9-34
		INJECTED from src/main/AndroidManifest.xml
		INJECTED from src/main/AndroidManifest.xml
application
ADDED from src/main/AndroidManifest.xml:23:5-81:23
MERGED from [com.actionbarsherlock:actionbarsherlock:4.4.0] AndroidManifest.xml:4:3-17
	android:label
		ADDED from src/main/AndroidManifest.xml:26:9-41
	android:allowBackup
		ADDED from src/main/AndroidManifest.xml:24:9-35
	android:icon
		ADDED from src/main/AndroidManifest.xml:25:9-38
	android:theme
		ADDED from src/main/AndroidManifest.xml:28:1-31
	android:name
		ADDED from src/main/AndroidManifest.xml:29:13-52
activity#com.filepager.main.ConnectionDialog
ADDED from src/main/AndroidManifest.xml:31:9-37:20
	android:excludeFromRecents
		ADDED from src/main/AndroidManifest.xml:34:13-46
	android:theme
		ADDED from src/main/AndroidManifest.xml:33:13-54
	android:name
		ADDED from src/main/AndroidManifest.xml:32:13-63
activity#com.filepager.main.MainActivity
ADDED from src/main/AndroidManifest.xml:38:9-59:20
	android:label
		ADDED from src/main/AndroidManifest.xml:40:13-45
	android:launchMode
		ADDED from src/main/AndroidManifest.xml:41:13-44
	android:name
		ADDED from src/main/AndroidManifest.xml:39:13-59
intent-filter#android.intent.action.SEND+android.intent.category.DEFAULT
ADDED from src/main/AndroidManifest.xml:43:13-47:21
action#android.intent.action.SEND
ADDED from src/main/AndroidManifest.xml:44:9-61
	android:name
		ADDED from src/main/AndroidManifest.xml:44:17-58
category#android.intent.category.DEFAULT
ADDED from src/main/AndroidManifest.xml:45:9-68
	android:name
		ADDED from src/main/AndroidManifest.xml:45:19-65
data
ADDED from src/main/AndroidManifest.xml:46:9-40
	android:mimeType
		ADDED from src/main/AndroidManifest.xml:46:15-37
intent-filter#android.intent.action.MAIN+android.intent.category.LAUNCHER
ADDED from src/main/AndroidManifest.xml:54:13-58:29
action#android.intent.action.MAIN
ADDED from src/main/AndroidManifest.xml:55:17-69
	android:name
		ADDED from src/main/AndroidManifest.xml:55:25-66
category#android.intent.category.LAUNCHER
ADDED from src/main/AndroidManifest.xml:57:17-77
	android:name
		ADDED from src/main/AndroidManifest.xml:57:27-74
activity#com.filepager.afilechooser.FileChooserActivity
ADDED from src/main/AndroidManifest.xml:60:9-61:20
	android:name
		ADDED from src/main/AndroidManifest.xml:60:19-80
activity#com.filepager.main.WifiActivity
ADDED from src/main/AndroidManifest.xml:63:9-64:20
	android:name
		ADDED from src/main/AndroidManifest.xml:63:19-65
activity#com.filepager.main.Start
ADDED from src/main/AndroidManifest.xml:66:9-67:20
	android:name
		ADDED from src/main/AndroidManifest.xml:66:19-58
activity#com.filepager.settings.SettingsActivity
ADDED from src/main/AndroidManifest.xml:68:9-69:20
	android:name
		ADDED from src/main/AndroidManifest.xml:68:19-73
activity#com.filepager.main.FileSearchActivity
ADDED from src/main/AndroidManifest.xml:71:9-72:20
	android:name
		ADDED from src/main/AndroidManifest.xml:71:19-71
service#com.filepager.udp.MasterService
ADDED from src/main/AndroidManifest.xml:73:9-74:19
	android:name
		ADDED from src/main/AndroidManifest.xml:73:18-64
receiver#com.filepager.sql.MediaStoreUpdateReceiver
ADDED from src/main/AndroidManifest.xml:75:2-80:20
	android:name
		ADDED from src/main/AndroidManifest.xml:75:12-69
intent-filter#android.intent.action.MEDIA_MOUNTED
ADDED from src/main/AndroidManifest.xml:76:13-79:29
action#android.intent.action.MEDIA_MOUNTED
ADDED from src/main/AndroidManifest.xml:77:17-78:26
	android:name
		ADDED from src/main/AndroidManifest.xml:77:25-75